<?xml version="1.0" encoding="UTF-8"?>
<coverage generated="1762331678">
  <project timestamp="1762331678" name="Clover Coverage">
    <package name="Markani\Tugas1\App">
      <file name="C:\Users\User\Sites\markani_s2_unitama\analisis_alpro_pengembangan_perangkat_lunak\tugas1\src\app\Algorithm.php">
        <class name="Markani\Tugas1\App\Algorithm" namespace="Markani\Tugas1\App">
          <metrics complexity="9" methods="2" coveredmethods="1" conditionals="0" coveredconditionals="0" statements="23" coveredstatements="14" elements="25" coveredelements="15"/>
        </class>
        <line num="7" type="method" name="quickSort" visibility="public" complexity="5" crap="5" count="1"/>
        <line num="8" type="stmt" count="1"/>
        <line num="9" type="stmt" count="1"/>
        <line num="10" type="stmt" count="1"/>
        <line num="14" type="stmt" count="1"/>
        <line num="16" type="stmt" count="1"/>
        <line num="17" type="stmt" count="1"/>
        <line num="18" type="stmt" count="1"/>
        <line num="20" type="stmt" count="1"/>
        <line num="21" type="stmt" count="1"/>
        <line num="22" type="stmt" count="1"/>
        <line num="23" type="stmt" count="1"/>
        <line num="24" type="stmt" count="1"/>
        <line num="26" type="stmt" count="1"/>
        <line num="30" type="stmt" count="1"/>
        <line num="33" type="method" name="insertionSort" visibility="public" complexity="4" crap="20" count="0"/>
        <line num="34" type="stmt" count="0"/>
        <line num="35" type="stmt" count="0"/>
        <line num="36" type="stmt" count="0"/>
        <line num="37" type="stmt" count="0"/>
        <line num="38" type="stmt" count="0"/>
        <line num="39" type="stmt" count="0"/>
        <line num="40" type="stmt" count="0"/>
        <line num="42" type="stmt" count="0"/>
        <line num="44" type="stmt" count="0"/>
        <metrics loc="46" ncloc="45" classes="1" methods="2" coveredmethods="1" conditionals="0" coveredconditionals="0" statements="23" coveredstatements="14" elements="25" coveredelements="15"/>
      </file>
    </package>
    <metrics files="1" loc="46" ncloc="45" classes="1" methods="2" coveredmethods="1" conditionals="0" coveredconditionals="0" statements="23" coveredstatements="14" elements="25" coveredelements="15"/>
  </project>
</coverage>
